<?xml version="1.0" encoding="UTF-8"?>
<!-- Generated by org.testng.reporters.JUnitReportReporter -->
<testsuite hostname="DESKTOP-GDE64FH" failures="0" tests="1" name="test_cases.ExecuteTestZaleniumFirefox" time="49.479" errors="0" timestamp="18 Oct 2023 23:05:30 GMT">
  <testcase classname="test_cases.ExecuteTestZaleniumFirefox" name="test1" time="49.479"/>
</testsuite> <!-- test_cases.ExecuteTestZaleniumFirefox -->
