<?xml version="1.0" encoding="UTF-8"?>
<!-- Generated by org.testng.reporters.JUnitReportReporter -->
<testsuite hostname="DESKTOP-GDE64FH" failures="0" tests="1" name="test_cases.ExecuteTestZaleniumFirefox2" time="43.176" errors="0" timestamp="18 Oct 2023 23:05:30 GMT">
  <testcase classname="test_cases.ExecuteTestZaleniumFirefox2" name="test2" time="43.176"/>
</testsuite> <!-- test_cases.ExecuteTestZaleniumFirefox2 -->
